<?xml version="1.0" encoding="UTF-8"?>
<!-- Generated by org.testng.reporters.JUnitReportReporter -->
<testsuite skipped="0" hostname="DESKTOP-7ETCK97" name="com.abc.testng.Testng" tests="2" failures="0" timestamp="19 Dec 2019 03:36:11 GMT" time="63.866" errors="0">
  <testcase name="google" time="31.114" classname="com.abc.testng.Testng"/>
  <testcase name="facebook" time="32.752" classname="com.abc.testng.Testng"/>
</testsuite> <!-- com.abc.testng.Testng -->
