<?xml version="1.0" encoding="UTF-8"?>
<!-- Generated by org.testng.reporters.JUnitReportReporter -->
<testsuite skipped="0" hostname="DESKTOP-7ETCK97" name="com.abc.testng.Methodwithpriority" tests="3" failures="0" timestamp="19 Dec 2019 01:39:40 GMT" time="0.023" errors="0">
  <testcase name="Mthod_c" time="0.014" classname="com.abc.testng.Methodwithpriority"/>
  <testcase name="Method_b" time="0.006" classname="com.abc.testng.Methodwithpriority"/>
  <testcase name="Method_a" time="0.003" classname="com.abc.testng.Methodwithpriority"/>
</testsuite> <!-- com.abc.testng.Methodwithpriority -->
