<?xml version="1.0" encoding="UTF-8"?>
<!-- Generated by org.testng.reporters.JUnitReportReporter -->
<testsuite skipped="0" hostname="DESKTOP-7ETCK97" name="com.abc.testng.Methodswithnegativepriority" tests="3" failures="0" timestamp="19 Dec 2019 02:16:19 GMT" time="0.020" errors="0">
  <testcase name="Method_b" time="0.014" classname="com.abc.testng.Methodswithnegativepriority"/>
  <testcase name="Method_a" time="0.004" classname="com.abc.testng.Methodswithnegativepriority"/>
  <testcase name="Method_c" time="0.002" classname="com.abc.testng.Methodswithnegativepriority"/>
</testsuite> <!-- com.abc.testng.Methodswithnegativepriority -->
