<?xml version="1.0" encoding="UTF-8"?>
<!-- Generated by org.testng.reporters.JUnitReportReporter -->
<testsuite skipped="0" hostname="DESKTOP-7ETCK97" name="com.abc.testng.Methodwithoutpriority" tests="3" failures="0" timestamp="19 Dec 2019 01:33:20 GMT" time="0.042" errors="0">
  <testcase name="Method_b" time="0.003" classname="com.abc.testng.Methodwithoutpriority"/>
  <testcase name="Method_a" time="0.026" classname="com.abc.testng.Methodwithoutpriority"/>
  <testcase name="Method_c" time="0.013" classname="com.abc.testng.Methodwithoutpriority"/>
</testsuite> <!-- com.abc.testng.Methodwithoutpriority -->
