<?xml version="1.0" encoding="UTF-8"?>
<!-- Generated by org.testng.reporters.JUnitReportReporter -->
<testsuite skipped="0" hostname="DESKTOP-7ETCK97" name="com.abc.testng.Parameterization" tests="2" failures="0" timestamp="19 Dec 2019 04:28:16 GMT" time="119.134" errors="0">
  <testcase name="magento" time="57.437" classname="com.abc.testng.Parameterization"/>
  <testcase name="magento" time="61.697" classname="com.abc.testng.Parameterization"/>
</testsuite> <!-- com.abc.testng.Parameterization -->
