<?xml version="1.0" encoding="UTF-8"?>
<!-- Generated by org.testng.reporters.JUnitReportReporter -->
<testsuite skipped="0" hostname="DESKTOP-7ETCK97" name="com.abc.testng.Multiplemethodshavignsomepriority" tests="3" failures="0" timestamp="19 Dec 2019 02:13:35 GMT" time="0.021" errors="0">
  <testcase name="Metod_b" time="0.015" classname="com.abc.testng.Multiplemethodshavignsomepriority"/>
  <testcase name="Method_c" time="0.003" classname="com.abc.testng.Multiplemethodshavignsomepriority"/>
  <testcase name="Method_a" time="0.003" classname="com.abc.testng.Multiplemethodshavignsomepriority"/>
</testsuite> <!-- com.abc.testng.Multiplemethodshavignsomepriority -->
