<?xml version="1.0" encoding="UTF-8"?>
<!-- Generated by org.testng.reporters.JUnitReportReporter -->
<testsuite skipped="0" hostname="DESKTOP-7ETCK97" name="com.abc.testng.Demo1" tests="2" failures="0" timestamp="19 Dec 2019 03:37:43 GMT" time="0.022" errors="0">
  <testcase name="Method_a" time="0.020" classname="com.abc.testng.Demo1"/>
  <testcase name="Method_b" time="0.002" classname="com.abc.testng.Demo1"/>
</testsuite> <!-- com.abc.testng.Demo1 -->
